warning package.json: No license field
$ NODE_ENV=development webpack --config webpack/development/config.js --watch

webpack is watching the files…

Hash: 7e48e9f68d938c6cc2c8
Version: webpack 4.39.1
Time: 168ms
Built at: 09/27/2019 7:25:23 PM
                         Asset      Size     Chunks             Chunk Names
                      index.js  88.6 KiB       main  [emitted]  main
js/resolvers.748e7de0.chunk.js  11.4 KiB  resolvers  [emitted]  resolvers
 js/typeDefs.879757c0.chunk.js   1.6 KiB   typeDefs  [emitted]  typeDefs
Entrypoint main = index.js
[0] multi webpack/hot/poll?1000 ./src/index.js 40 bytes {main} [built]
[./node_modules/webpack/hot/log-apply-result.js] (webpack)/hot/log-apply-result.js 1.27 KiB {main} [built]
[./node_modules/webpack/hot/log.js] (webpack)/hot/log.js 1.34 KiB {main} [built]
[./node_modules/webpack/hot/poll.js?1000] (webpack)/hot/poll.js?1000 1.12 KiB {main} [built]
[./src/index.js] 1.65 KiB {main} [built]
[./src/resolvers/index.js] 2.38 KiB {resolvers} [built]
[./src/schemas/main.graphql] 364 bytes {typeDefs} [built]
[./src/utils/getPubSub.js] 162 bytes {resolvers} [built]
[./src/utils/getStorage.js] 757 bytes {resolvers} [built]
[apollo-server] external "apollo-server" 42 bytes {main} [built]
[apollo-server-express] external "apollo-server-express" 42 bytes {main} [built]
[chalk-console] external "chalk-console" 42 bytes {main} [built]
[express] external "express" 42 bytes {main} [built]
[http] external "http" 42 bytes {main} [built]
[node-localstorage] external "node-localstorage" 42 bytes {main} [built]
